0 verbose cli /usr/local/bin/node /usr/local/bin/npm
1 info using npm@8.19.4
2 info using node@v16.20.2
3 timing npm:load:whichnode Completed in 0ms
4 timing config:load:defaults Completed in 1ms
5 timing config:load:file:/usr/local/lib/node_modules/npm/npmrc Completed in 1ms
6 timing config:load:builtin Completed in 1ms
7 warn config production Use `--omit=dev` instead.
8 timing config:load:cli Completed in 1ms
9 timing config:load:env Completed in 0ms
10 timing config:load:file:/data/.npmrc Completed in 2ms
11 timing config:load:project Completed in 3ms
12 timing config:load:file:/usr/src/node-red/.npmrc Completed in 2ms
13 timing config:load:user Completed in 2ms
14 timing config:load:file:/usr/local/etc/npmrc Completed in 1ms
15 timing config:load:global Completed in 1ms
16 timing config:load:validate Completed in 0ms
17 timing config:load:credentials Completed in 1ms
18 timing config:load:setEnvs Completed in 0ms
19 timing config:load Completed in 10ms
20 timing npm:load:configload Completed in 10ms
21 timing npm:load:mkdirpcache Completed in 1ms
22 timing npm:load:mkdirplogs Completed in 0ms
23 verbose title npm install node-red-contrib-uibuilder@7.3.0
24 verbose argv "install" "--no-audit" "--no-update-notifier" "--no-fund" "--save" "--save-prefix" "~" "--production" "--engine-strict" "node-red-contrib-uibuilder@7.3.0"
25 timing npm:load:setTitle Completed in 1ms
26 timing config:load:flatten Completed in 1ms
27 timing npm:load:display Completed in 2ms
28 verbose logfile logs-max:10 dir:/data/.npm/_logs
29 verbose logfile /data/.npm/_logs/2025-05-29T11_36_12_349Z-debug-0.log
30 timing npm:load:logFile Completed in 4ms
31 timing npm:load:timers Completed in 0ms
32 timing npm:load:configScope Completed in 0ms
33 timing npm:load Completed in 18ms
34 timing arborist:ctor Completed in 1ms
35 silly logfile done cleaning log files
36 timing idealTree:init Completed in 39ms
37 timing idealTree:userRequests Completed in 1ms
38 silly idealTree buildDeps
39 silly fetch manifest node-red-contrib-uibuilder@7.3.0
40 verbose shrinkwrap failed to load node_modules/.package-lock.json missing from lockfile: node_modules/lodash
41 http fetch GET 200 https://registry.npmjs.org/node-red-contrib-uibuilder 173ms (cache miss)
42 silly placeDep ROOT node-red-contrib-uibuilder@7.3.0 OK for: node-red-project@0.0.1 want: 7.3.0
43 silly fetch manifest degit@^2.8.4
44 silly fetch manifest express@^4.17.1
45 silly fetch manifest fast-glob@^3.2.7
46 silly fetch manifest fs-extra@^11.1.0
47 silly fetch manifest jsdom@^26.0.0
48 http fetch GET 200 https://registry.npmjs.org/fs-extra 77ms (cache miss)
49 http fetch GET 200 https://registry.npmjs.org/fast-glob 82ms (cache miss)
50 http fetch GET 200 https://registry.npmjs.org/express 87ms (cache miss)
51 http fetch GET 200 https://registry.npmjs.org/degit 98ms (cache miss)
52 http fetch GET 200 https://registry.npmjs.org/jsdom 102ms (cache miss)
53 timing idealTree:#root Completed in 283ms
54 silly fetch manifest canvas@^3.0.0
55 http fetch GET 200 https://registry.npmjs.org/canvas 50ms (cache miss)
56 silly placeDep ROOT degit@2.8.4 OK for: node-red-contrib-uibuilder@7.3.0 want: ^2.8.4
57 silly placeDep ROOT express@4.21.2 OK for: node-red-contrib-uibuilder@7.3.0 want: ^4.17.1
58 silly placeDep ROOT fast-glob@3.3.3 OK for: node-red-contrib-uibuilder@7.3.0 want: ^3.2.7
59 silly placeDep ROOT fs-extra@11.3.0 OK for: node-red-contrib-uibuilder@7.3.0 want: ^11.1.0
60 silly placeDep ROOT jsdom@26.1.0 OK for: node-red-contrib-uibuilder@7.3.0 want: ^26.0.0
61 silly fetch manifest qs@6.13.0
62 silly fetch manifest cookie@0.7.1
63 silly fetch manifest methods@~1.1.2
64 silly fetch manifest type-is@~1.6.18
65 silly fetch manifest proxy-addr@~2.0.7
66 silly fetch manifest body-parser@1.20.3
67 silly fetch manifest utils-merge@1.0.1
68 silly fetch manifest content-type@~1.0.4
69 silly fetch manifest finalhandler@1.3.1
70 silly fetch manifest array-flatten@1.1.1
71 silly fetch manifest path-to-regexp@0.1.12
72 silly fetch manifest cookie-signature@1.0.6
73 silly fetch manifest merge-descriptors@1.0.3
74 silly fetch manifest content-disposition@0.5.4
75 silly fetch manifest @nodelib/fs.stat@^2.0.2
76 silly fetch manifest @nodelib/fs.walk@^1.2.3
77 silly fetch manifest glob-parent@^5.1.2
78 silly fetch manifest merge2@^1.3.0
79 silly fetch manifest micromatch@^4.0.8
80 silly fetch manifest graceful-fs@^4.2.0
81 silly fetch manifest jsonfile@^6.0.1
82 silly fetch manifest universalify@^2.0.0
83 silly fetch manifest ws@^8.18.0
84 silly fetch manifest saxes@^6.0.0
85 silly fetch manifest nwsapi@^2.2.16
86 silly fetch manifest parse5@^7.2.1
87 silly fetch manifest cssstyle@^4.2.1
88 silly fetch manifest data-urls@^5.0.0
89 silly fetch manifest decimal.js@^10.5.0
90 silly fetch manifest whatwg-url@^14.1.1
91 silly fetch manifest rrweb-cssom@^0.8.0
92 silly fetch manifest symbol-tree@^3.2.4
93 silly fetch manifest tough-cookie@^5.1.1
94 silly fetch manifest whatwg-encoding@^3.1.1
95 silly fetch manifest whatwg-mimetype@^4.0.0
96 silly fetch manifest http-proxy-agent@^7.0.2
97 silly fetch manifest https-proxy-agent@^7.0.6
98 silly fetch manifest w3c-xmlserializer@^5.0.0
99 silly fetch manifest webidl-conversions@^7.0.0
100 silly fetch manifest xml-name-validator@^5.0.0
101 silly fetch manifest html-encoding-sniffer@^4.0.0
102 silly fetch manifest is-potential-custom-element-name@^1.0.1
103 http fetch GET 200 https://registry.npmjs.org/qs 53ms (cache miss)
104 http fetch GET 200 https://registry.npmjs.org/content-type 55ms (cache miss)
105 http fetch GET 200 https://registry.npmjs.org/methods 60ms (cache miss)
106 http fetch GET 200 https://registry.npmjs.org/utils-merge 71ms (cache miss)
107 http fetch GET 200 https://registry.npmjs.org/jsonfile 88ms (cache miss)
108 http fetch GET 200 https://registry.npmjs.org/micromatch 95ms (cache miss)
109 http fetch GET 200 https://registry.npmjs.org/glob-parent 114ms (cache miss)
110 http fetch GET 200 https://registry.npmjs.org/graceful-fs 114ms (cache miss)
111 http fetch GET 200 https://registry.npmjs.org/finalhandler 123ms (cache miss)
112 http fetch GET 200 https://registry.npmjs.org/type-is 133ms (cache miss)
113 http fetch GET 200 https://registry.npmjs.org/path-to-regexp 139ms (cache miss)
114 http fetch GET 200 https://registry.npmjs.org/universalify 144ms (cache miss)
115 http fetch GET 200 https://registry.npmjs.org/body-parser 155ms (cache miss)
116 http fetch GET 200 https://registry.npmjs.org/content-disposition 153ms (cache miss)
117 http fetch GET 200 https://registry.npmjs.org/array-flatten 160ms (cache miss)
118 http fetch GET 200 https://registry.npmjs.org/merge-descriptors 165ms (cache miss)
119 http fetch GET 200 https://registry.npmjs.org/nwsapi 164ms (cache miss)
120 http fetch GET 200 https://registry.npmjs.org/proxy-addr 176ms (cache miss)
121 http fetch GET 200 https://registry.npmjs.org/symbol-tree 168ms (cache miss)
122 http fetch GET 200 https://registry.npmjs.org/cookie 180ms (cache revalidated)
123 http fetch GET 200 https://registry.npmjs.org/merge2 175ms (cache miss)
124 http fetch GET 200 https://registry.npmjs.org/@nodelib%2ffs.stat 179ms (cache miss)
125 http fetch GET 200 https://registry.npmjs.org/data-urls 176ms (cache miss)
126 http fetch GET 200 https://registry.npmjs.org/@nodelib%2ffs.walk 194ms (cache miss)
127 http fetch GET 200 https://registry.npmjs.org/whatwg-encoding 189ms (cache miss)
128 http fetch GET 200 https://registry.npmjs.org/cssstyle 194ms (cache miss)
129 http fetch GET 200 https://registry.npmjs.org/cookie-signature 200ms (cache miss)
130 http fetch GET 200 https://registry.npmjs.org/whatwg-url 195ms (cache miss)
131 http fetch GET 200 https://registry.npmjs.org/decimal.js 195ms (cache miss)
132 http fetch GET 200 https://registry.npmjs.org/html-encoding-sniffer 193ms (cache miss)
133 http fetch GET 200 https://registry.npmjs.org/rrweb-cssom 197ms (cache miss)
134 http fetch GET 200 https://registry.npmjs.org/xml-name-validator 195ms (cache miss)
135 http fetch GET 200 https://registry.npmjs.org/whatwg-mimetype 199ms (cache miss)
136 http fetch GET 200 https://registry.npmjs.org/webidl-conversions 199ms (cache miss)
137 http fetch GET 200 https://registry.npmjs.org/parse5 204ms (cache miss)
138 http fetch GET 200 https://registry.npmjs.org/saxes 207ms (cache miss)
139 http fetch GET 200 https://registry.npmjs.org/https-proxy-agent 202ms (cache miss)
140 http fetch GET 200 https://registry.npmjs.org/w3c-xmlserializer 203ms (cache miss)
141 http fetch GET 200 https://registry.npmjs.org/http-proxy-agent 204ms (cache miss)
142 http fetch GET 200 https://registry.npmjs.org/is-potential-custom-element-name 203ms (cache miss)
143 http fetch GET 200 https://registry.npmjs.org/tough-cookie 206ms (cache miss)
144 http fetch GET 200 https://registry.npmjs.org/ws 212ms (cache miss)
145 timing idealTree:node_modules/node-red-contrib-uibuilder Completed in 279ms
146 timing idealTree:node_modules/degit Completed in 0ms
147 silly placeDep ROOT array-flatten@1.1.1 OK for: express@4.21.2 want: 1.1.1
148 silly placeDep ROOT body-parser@1.20.3 OK for: express@4.21.2 want: 1.20.3
149 silly placeDep ROOT content-disposition@0.5.4 OK for: express@4.21.2 want: 0.5.4
150 silly placeDep ROOT content-type@1.0.5 OK for: express@4.21.2 want: ~1.0.4
151 silly placeDep node_modules/express cookie@0.7.1 OK for: express@4.21.2 want: 0.7.1
152 silly placeDep ROOT cookie-signature@1.0.6 OK for: express@4.21.2 want: 1.0.6
153 silly placeDep ROOT finalhandler@1.3.1 OK for: express@4.21.2 want: 1.3.1
154 silly placeDep ROOT merge-descriptors@1.0.3 OK for: express@4.21.2 want: 1.0.3
155 silly placeDep ROOT methods@1.1.2 OK for: express@4.21.2 want: ~1.1.2
156 silly placeDep ROOT path-to-regexp@0.1.12 OK for: express@4.21.2 want: 0.1.12
157 silly placeDep ROOT proxy-addr@2.0.7 OK for: express@4.21.2 want: ~2.0.7
158 silly placeDep ROOT qs@6.13.0 OK for: express@4.21.2 want: 6.13.0
159 silly placeDep ROOT type-is@1.6.18 OK for: express@4.21.2 want: ~1.6.18
160 silly placeDep ROOT utils-merge@1.0.1 OK for: express@4.21.2 want: 1.0.1
161 silly fetch manifest unpipe@1.0.0
162 silly fetch manifest raw-body@2.5.2
163 silly fetch manifest iconv-lite@0.4.24
164 silly fetch manifest unpipe@~1.0.0
165 silly fetch manifest forwarded@0.2.0
166 silly fetch manifest ipaddr.js@1.9.1
167 silly fetch manifest side-channel@^1.0.6
168 silly fetch manifest media-typer@0.3.0
169 http fetch GET 200 https://registry.npmjs.org/media-typer 42ms (cache miss)
170 http fetch GET 200 https://registry.npmjs.org/side-channel 42ms (cache miss)
171 http fetch GET 200 https://registry.npmjs.org/unpipe 49ms (cache miss)
172 http fetch GET 200 https://registry.npmjs.org/iconv-lite 51ms (cache miss)
173 http fetch GET 200 https://registry.npmjs.org/ipaddr.js 49ms (cache miss)
174 http fetch GET 200 https://registry.npmjs.org/unpipe 53ms (cache miss)
175 http fetch GET 200 https://registry.npmjs.org/raw-body 79ms (cache miss)
176 http fetch GET 200 https://registry.npmjs.org/forwarded 87ms (cache miss)
177 timing idealTree:node_modules/express Completed in 102ms
178 timing idealTree:node_modules/array-flatten Completed in 0ms
179 silly placeDep ROOT iconv-lite@0.4.24 OK for: body-parser@1.20.3 want: 0.4.24
180 silly placeDep ROOT raw-body@2.5.2 OK for: body-parser@1.20.3 want: 2.5.2
181 silly placeDep ROOT unpipe@1.0.0 OK for: body-parser@1.20.3 want: 1.0.0
182 silly fetch manifest safer-buffer@>= 2.1.2 < 3
183 http fetch GET 200 https://registry.npmjs.org/safer-buffer 49ms (cache miss)
184 timing idealTree:node_modules/body-parser Completed in 52ms
185 timing idealTree:node_modules/content-disposition Completed in 0ms
186 timing idealTree:node_modules/content-type Completed in 0ms
187 timing idealTree:node_modules/cookie-signature Completed in 0ms
188 silly placeDep ROOT @nodelib/fs.stat@2.0.5 OK for: fast-glob@3.3.3 want: ^2.0.2
189 silly placeDep ROOT @nodelib/fs.walk@1.2.8 OK for: fast-glob@3.3.3 want: ^1.2.3
190 silly placeDep ROOT glob-parent@5.1.2 OK for: fast-glob@3.3.3 want: ^5.1.2
191 silly placeDep ROOT merge2@1.4.1 OK for: fast-glob@3.3.3 want: ^1.3.0
192 silly placeDep ROOT micromatch@4.0.8 OK for: fast-glob@3.3.3 want: ^4.0.8
193 silly fetch manifest fastq@^1.6.0
194 silly fetch manifest @nodelib/fs.scandir@2.1.5
195 silly fetch manifest is-glob@^4.0.1
196 silly fetch manifest braces@^3.0.3
197 silly fetch manifest picomatch@^2.3.1
198 http fetch GET 200 https://registry.npmjs.org/is-glob 52ms (cache miss)
199 http fetch GET 200 https://registry.npmjs.org/picomatch 50ms (cache miss)
200 http fetch GET 200 https://registry.npmjs.org/braces 68ms (cache miss)
201 http fetch GET 200 https://registry.npmjs.org/@nodelib%2ffs.scandir 82ms (cache miss)
202 http fetch GET 200 https://registry.npmjs.org/fastq 182ms (cache miss)
203 timing idealTree:node_modules/fast-glob Completed in 186ms
204 timing idealTree:node_modules/@nodelib/fs.stat Completed in 0ms
205 silly placeDep ROOT @nodelib/fs.scandir@2.1.5 OK for: @nodelib/fs.walk@1.2.8 want: 2.1.5
206 silly placeDep ROOT fastq@1.19.1 OK for: @nodelib/fs.walk@1.2.8 want: ^1.6.0
207 silly fetch manifest run-parallel@^1.1.9
208 silly fetch manifest reusify@^1.0.4
209 http fetch GET 200 https://registry.npmjs.org/reusify 37ms (cache miss)
210 http fetch GET 200 https://registry.npmjs.org/run-parallel 42ms (cache miss)
211 timing idealTree:node_modules/@nodelib/fs.walk Completed in 45ms
212 silly placeDep ROOT run-parallel@1.2.0 OK for: @nodelib/fs.scandir@2.1.5 want: ^1.1.9
213 silly fetch manifest queue-microtask@^1.2.2
214 http fetch GET 200 https://registry.npmjs.org/queue-microtask 36ms (cache miss)
215 timing idealTree:node_modules/@nodelib/fs.scandir Completed in 38ms
216 silly placeDep ROOT reusify@1.1.0 OK for: fastq@1.19.1 want: ^1.0.4
217 timing idealTree:node_modules/fastq Completed in 1ms
218 timing idealTree:node_modules/finalhandler Completed in 0ms
219 silly placeDep ROOT graceful-fs@4.2.11 OK for: fs-extra@11.3.0 want: ^4.2.0
220 silly placeDep ROOT jsonfile@6.1.0 OK for: fs-extra@11.3.0 want: ^6.0.1
221 silly placeDep ROOT universalify@2.0.1 OK for: fs-extra@11.3.0 want: ^2.0.0
222 timing idealTree:node_modules/fs-extra Completed in 3ms
223 silly placeDep ROOT is-glob@4.0.3 OK for: glob-parent@5.1.2 want: ^4.0.1
224 silly fetch manifest is-extglob@^2.1.1
225 http fetch GET 200 https://registry.npmjs.org/is-extglob 38ms (cache miss)
226 timing idealTree:node_modules/glob-parent Completed in 40ms
227 timing idealTree:node_modules/graceful-fs Completed in 0ms
228 silly placeDep ROOT safer-buffer@2.1.2 OK for: iconv-lite@0.4.24 want: >= 2.1.2 < 3
229 timing idealTree:node_modules/iconv-lite Completed in 1ms
230 silly placeDep ROOT is-extglob@2.1.1 OK for: is-glob@4.0.3 want: ^2.1.1
231 timing idealTree:node_modules/is-glob Completed in 1ms
232 timing idealTree:node_modules/is-extglob Completed in 0ms
233 silly fetch manifest bufferutil@^4.0.1
234 http fetch GET 200 https://registry.npmjs.org/bufferutil 47ms (cache miss)
235 silly fetch manifest utf-8-validate@>=5.0.2
236 http fetch GET 200 https://registry.npmjs.org/utf-8-validate 50ms (cache revalidated)
237 silly placeDep ROOT cssstyle@4.3.1 OK for: jsdom@26.1.0 want: ^4.2.1
238 silly placeDep ROOT data-urls@5.0.0 OK for: jsdom@26.1.0 want: ^5.0.0
239 silly placeDep ROOT decimal.js@10.5.0 OK for: jsdom@26.1.0 want: ^10.5.0
240 silly placeDep ROOT html-encoding-sniffer@4.0.0 OK for: jsdom@26.1.0 want: ^4.0.0
241 silly placeDep ROOT http-proxy-agent@7.0.2 OK for: jsdom@26.1.0 want: ^7.0.2
242 silly placeDep ROOT https-proxy-agent@7.0.6 OK for: jsdom@26.1.0 want: ^7.0.6
243 silly placeDep ROOT is-potential-custom-element-name@1.0.1 OK for: jsdom@26.1.0 want: ^1.0.1
244 silly placeDep ROOT nwsapi@2.2.20 OK for: jsdom@26.1.0 want: ^2.2.16
245 silly placeDep ROOT parse5@7.3.0 OK for: jsdom@26.1.0 want: ^7.2.1
246 silly placeDep ROOT rrweb-cssom@0.8.0 OK for: jsdom@26.1.0 want: ^0.8.0
247 silly placeDep ROOT saxes@6.0.0 OK for: jsdom@26.1.0 want: ^6.0.0
248 silly placeDep ROOT symbol-tree@3.2.4 OK for: jsdom@26.1.0 want: ^3.2.4
249 silly placeDep ROOT tough-cookie@5.1.2 OK for: jsdom@26.1.0 want: ^5.1.1
250 silly placeDep ROOT w3c-xmlserializer@5.0.0 OK for: jsdom@26.1.0 want: ^5.0.0
251 silly placeDep ROOT webidl-conversions@7.0.0 OK for: jsdom@26.1.0 want: ^7.0.0
252 silly placeDep ROOT whatwg-encoding@3.1.1 OK for: jsdom@26.1.0 want: ^3.1.1
253 silly placeDep ROOT whatwg-mimetype@4.0.0 OK for: jsdom@26.1.0 want: ^4.0.0
254 silly placeDep ROOT whatwg-url@14.2.0 OK for: jsdom@26.1.0 want: ^14.1.1
255 silly placeDep node_modules/jsdom ws@8.18.2 OK for: jsdom@26.1.0 want: ^8.18.0
256 silly placeDep ROOT xml-name-validator@5.0.0 OK for: jsdom@26.1.0 want: ^5.0.0
257 silly fetch manifest @asamuzakjp/css-color@^3.1.2
258 silly fetch manifest agent-base@^7.1.0
259 silly fetch manifest debug@^4.3.4
260 silly fetch manifest agent-base@^7.1.2
261 silly fetch manifest debug@4
262 silly fetch manifest entities@^6.0.0
263 silly fetch manifest xmlchars@^2.2.0
264 silly fetch manifest tldts@^6.1.32
265 silly fetch manifest iconv-lite@0.6.3
266 silly fetch manifest tr46@^5.1.0
267 http fetch GET 200 https://registry.npmjs.org/entities 53ms (cache miss)
268 http fetch GET 200 https://registry.npmjs.org/xmlchars 54ms (cache miss)
269 http fetch GET 200 https://registry.npmjs.org/debug 57ms (cache miss)
270 http fetch GET 200 https://registry.npmjs.org/agent-base 60ms (cache miss)
271 http fetch GET 200 https://registry.npmjs.org/debug 61ms (cache miss)
272 http fetch GET 200 https://registry.npmjs.org/tr46 61ms (cache miss)
273 http fetch GET 200 https://registry.npmjs.org/agent-base 63ms (cache miss)
274 http fetch GET 200 https://registry.npmjs.org/tldts 100ms (cache miss)
275 http fetch GET 200 https://registry.npmjs.org/@asamuzakjp%2fcss-color 1447ms (cache miss)
276 timing idealTree:node_modules/jsdom Completed in 1568ms
277 silly placeDep ROOT @asamuzakjp/css-color@3.2.0 OK for: cssstyle@4.3.1 want: ^3.1.2
278 silly fetch manifest @csstools/css-calc@^2.1.3
279 silly fetch manifest @csstools/css-color-parser@^3.0.9
280 silly fetch manifest @csstools/css-parser-algorithms@^3.0.4
281 silly fetch manifest @csstools/css-tokenizer@^3.0.3
282 silly fetch manifest lru-cache@^10.4.3
283 http fetch GET 200 https://registry.npmjs.org/lru-cache 58ms (cache miss)
284 http fetch GET 200 https://registry.npmjs.org/@csstools%2fcss-calc 106ms (cache miss)
285 http fetch GET 200 https://registry.npmjs.org/@csstools%2fcss-color-parser 119ms (cache miss)
286 http fetch GET 200 https://registry.npmjs.org/@csstools%2fcss-parser-algorithms 163ms (cache miss)
287 http fetch GET 200 https://registry.npmjs.org/@csstools%2fcss-tokenizer 164ms (cache miss)
288 timing idealTree:node_modules/cssstyle Completed in 174ms
289 silly placeDep ROOT @csstools/css-calc@2.1.4 OK for: @asamuzakjp/css-color@3.2.0 want: ^2.1.3
290 silly placeDep ROOT @csstools/css-parser-algorithms@3.0.5 OK for: @csstools/css-calc@2.1.4 want: ^3.0.5
291 silly placeDep ROOT @csstools/css-tokenizer@3.0.4 OK for: @csstools/css-parser-algorithms@3.0.5 want: ^3.0.4
292 silly placeDep ROOT @csstools/css-color-parser@3.0.10 OK for: @asamuzakjp/css-color@3.2.0 want: ^3.0.9
293 silly placeDep ROOT lru-cache@10.4.3 OK for: @asamuzakjp/css-color@3.2.0 want: ^10.4.3
294 silly fetch manifest @csstools/color-helpers@^5.0.2
295 http fetch GET 200 https://registry.npmjs.org/@csstools%2fcolor-helpers 121ms (cache miss)
296 timing idealTree:node_modules/@asamuzakjp/css-color Completed in 131ms
297 timing idealTree:node_modules/@csstools/css-calc Completed in 0ms
298 silly placeDep ROOT @csstools/color-helpers@5.0.2 OK for: @csstools/css-color-parser@3.0.10 want: ^5.0.2
299 timing idealTree:node_modules/@csstools/css-color-parser Completed in 1ms
300 timing idealTree:node_modules/@csstools/color-helpers Completed in 0ms
301 timing idealTree:node_modules/@csstools/css-parser-algorithms Completed in 0ms
302 timing idealTree:node_modules/@csstools/css-tokenizer Completed in 0ms
303 timing idealTree:node_modules/data-urls Completed in 0ms
304 timing idealTree:node_modules/decimal.js Completed in 0ms
305 timing idealTree:node_modules/html-encoding-sniffer Completed in 0ms
306 silly placeDep ROOT agent-base@7.1.3 OK for: http-proxy-agent@7.0.2 want: ^7.1.0
307 silly placeDep node_modules/http-proxy-agent debug@4.4.1 OK for: http-proxy-agent@7.0.2 want: ^4.3.4
308 silly fetch manifest ms@^2.1.3
309 http fetch GET 200 https://registry.npmjs.org/ms 44ms (cache miss)
310 timing idealTree:node_modules/http-proxy-agent Completed in 47ms
311 timing idealTree:node_modules/agent-base Completed in 0ms
312 silly placeDep node_modules/https-proxy-agent debug@4.4.1 OK for: https-proxy-agent@7.0.6 want: 4
313 timing idealTree:node_modules/https-proxy-agent Completed in 1ms
314 timing idealTree:node_modules/is-potential-custom-element-name Completed in 0ms
315 timing idealTree:node_modules/jsonfile Completed in 0ms
316 timing idealTree:node_modules/lru-cache Completed in 0ms
317 timing idealTree:node_modules/merge-descriptors Completed in 0ms
318 timing idealTree:node_modules/merge2 Completed in 0ms
319 timing idealTree:node_modules/methods Completed in 0ms
320 silly placeDep ROOT braces@3.0.3 OK for: micromatch@4.0.8 want: ^3.0.3
321 silly placeDep ROOT picomatch@2.3.1 OK for: micromatch@4.0.8 want: ^2.3.1
322 silly fetch manifest fill-range@^7.1.1
323 http fetch GET 200 https://registry.npmjs.org/fill-range 61ms (cache miss)
324 timing idealTree:node_modules/micromatch Completed in 63ms
325 silly placeDep ROOT fill-range@7.1.1 OK for: braces@3.0.3 want: ^7.1.1
326 silly fetch manifest to-regex-range@^5.0.1
327 http fetch GET 200 https://registry.npmjs.org/to-regex-range 66ms (cache miss)
328 timing idealTree:node_modules/braces Completed in 69ms
329 silly placeDep ROOT to-regex-range@5.0.1 OK for: fill-range@7.1.1 want: ^5.0.1
330 silly fetch manifest is-number@^7.0.0
331 http fetch GET 200 https://registry.npmjs.org/is-number 39ms (cache miss)
332 timing idealTree:node_modules/fill-range Completed in 42ms
333 timing idealTree:node_modules/nwsapi Completed in 0ms
334 silly placeDep ROOT entities@6.0.0 OK for: parse5@7.3.0 want: ^6.0.0
335 timing idealTree:node_modules/parse5 Completed in 1ms
336 timing idealTree:node_modules/entities Completed in 0ms
337 timing idealTree:node_modules/path-to-regexp Completed in 0ms
338 timing idealTree:node_modules/picomatch Completed in 0ms
339 silly placeDep ROOT forwarded@0.2.0 OK for: proxy-addr@2.0.7 want: 0.2.0
340 silly placeDep ROOT ipaddr.js@1.9.1 OK for: proxy-addr@2.0.7 want: 1.9.1
341 timing idealTree:node_modules/proxy-addr Completed in 1ms
342 timing idealTree:node_modules/forwarded Completed in 0ms
343 timing idealTree:node_modules/ipaddr.js Completed in 0ms
344 silly placeDep ROOT side-channel@1.1.0 OK for: qs@6.13.0 want: ^1.0.6
345 silly fetch manifest es-errors@^1.3.0
346 silly fetch manifest object-inspect@^1.13.3
347 silly fetch manifest side-channel-list@^1.0.0
348 silly fetch manifest side-channel-map@^1.0.1
349 silly fetch manifest side-channel-weakmap@^1.0.2
350 http fetch GET 200 https://registry.npmjs.org/es-errors 51ms (cache miss)
351 http fetch GET 200 https://registry.npmjs.org/side-channel-weakmap 49ms (cache miss)
352 http fetch GET 200 https://registry.npmjs.org/side-channel-map 55ms (cache miss)
353 http fetch GET 200 https://registry.npmjs.org/object-inspect 58ms (cache miss)
354 http fetch GET 200 https://registry.npmjs.org/side-channel-list 86ms (cache miss)
355 timing idealTree:node_modules/qs Completed in 89ms
356 timing idealTree:node_modules/raw-body Completed in 0ms
357 timing idealTree:node_modules/reusify Completed in 0ms
358 timing idealTree:node_modules/rrweb-cssom Completed in 0ms
359 silly placeDep ROOT queue-microtask@1.2.3 OK for: run-parallel@1.2.0 want: ^1.2.2
360 timing idealTree:node_modules/run-parallel Completed in 1ms
361 timing idealTree:node_modules/queue-microtask Completed in 0ms
362 timing idealTree:node_modules/safer-buffer Completed in 0ms
363 silly placeDep ROOT xmlchars@2.2.0 OK for: saxes@6.0.0 want: ^2.2.0
364 timing idealTree:node_modules/saxes Completed in 1ms
365 silly placeDep ROOT es-errors@1.3.0 OK for: side-channel@1.1.0 want: ^1.3.0
366 silly placeDep ROOT object-inspect@1.13.4 OK for: side-channel@1.1.0 want: ^1.13.3
367 silly placeDep ROOT side-channel-list@1.0.0 OK for: side-channel@1.1.0 want: ^1.0.0
368 silly placeDep ROOT side-channel-map@1.0.1 OK for: side-channel@1.1.0 want: ^1.0.1
369 silly placeDep ROOT side-channel-weakmap@1.0.2 OK for: side-channel@1.1.0 want: ^1.0.2
370 silly fetch manifest call-bound@^1.0.2
371 silly fetch manifest get-intrinsic@^1.2.5
372 http fetch GET 200 https://registry.npmjs.org/call-bound 43ms (cache miss)
373 http fetch GET 200 https://registry.npmjs.org/get-intrinsic 69ms (cache miss)
374 timing idealTree:node_modules/side-channel Completed in 77ms
375 timing idealTree:node_modules/es-errors Completed in 0ms
376 timing idealTree:node_modules/object-inspect Completed in 0ms
377 timing idealTree:node_modules/side-channel-list Completed in 0ms
378 silly placeDep ROOT call-bound@1.0.4 OK for: side-channel-map@1.0.1 want: ^1.0.2
379 silly placeDep ROOT get-intrinsic@1.3.0 OK for: side-channel-map@1.0.1 want: ^1.2.5
380 silly fetch manifest call-bind-apply-helpers@^1.0.2
381 silly fetch manifest es-define-property@^1.0.1
382 silly fetch manifest es-object-atoms@^1.1.1
383 silly fetch manifest function-bind@^1.1.2
384 silly fetch manifest get-proto@^1.0.1
385 silly fetch manifest gopd@^1.2.0
386 silly fetch manifest has-symbols@^1.1.0
387 silly fetch manifest hasown@^2.0.2
388 silly fetch manifest math-intrinsics@^1.1.0
389 http fetch GET 200 https://registry.npmjs.org/get-proto 50ms (cache miss)
390 http fetch GET 200 https://registry.npmjs.org/gopd 50ms (cache miss)
391 http fetch GET 200 https://registry.npmjs.org/hasown 50ms (cache miss)
392 http fetch GET 200 https://registry.npmjs.org/call-bind-apply-helpers 55ms (cache miss)
393 http fetch GET 200 https://registry.npmjs.org/es-define-property 55ms (cache miss)
394 http fetch GET 200 https://registry.npmjs.org/math-intrinsics 52ms (cache miss)
395 http fetch GET 200 https://registry.npmjs.org/es-object-atoms 58ms (cache miss)
396 http fetch GET 200 https://registry.npmjs.org/function-bind 58ms (cache miss)
397 http fetch GET 200 https://registry.npmjs.org/has-symbols 57ms (cache miss)
398 timing idealTree:node_modules/side-channel-map Completed in 63ms
399 silly placeDep ROOT call-bind-apply-helpers@1.0.2 OK for: call-bound@1.0.4 want: ^1.0.2
400 timing idealTree:node_modules/call-bound Completed in 8ms
401 silly placeDep ROOT function-bind@1.1.2 OK for: call-bind-apply-helpers@1.0.2 want: ^1.1.2
402 timing idealTree:node_modules/call-bind-apply-helpers Completed in 0ms
403 timing idealTree:node_modules/function-bind Completed in 0ms
404 silly placeDep ROOT es-define-property@1.0.1 OK for: get-intrinsic@1.3.0 want: ^1.0.1
405 silly placeDep ROOT es-object-atoms@1.1.1 OK for: get-intrinsic@1.3.0 want: ^1.1.1
406 silly placeDep ROOT get-proto@1.0.1 OK for: get-intrinsic@1.3.0 want: ^1.0.1
407 silly placeDep ROOT gopd@1.2.0 OK for: get-intrinsic@1.3.0 want: ^1.2.0
408 silly placeDep ROOT has-symbols@1.1.0 OK for: get-intrinsic@1.3.0 want: ^1.1.0
409 silly placeDep ROOT hasown@2.0.2 OK for: get-intrinsic@1.3.0 want: ^2.0.2
410 silly placeDep ROOT math-intrinsics@1.1.0 OK for: get-intrinsic@1.3.0 want: ^1.1.0
411 silly fetch manifest dunder-proto@^1.0.1
412 http fetch GET 200 https://registry.npmjs.org/dunder-proto 48ms (cache miss)
413 timing idealTree:node_modules/get-intrinsic Completed in 52ms
414 timing idealTree:node_modules/es-define-property Completed in 1ms
415 timing idealTree:node_modules/es-object-atoms Completed in 0ms
416 silly placeDep ROOT dunder-proto@1.0.1 OK for: get-proto@1.0.1 want: ^1.0.1
417 timing idealTree:node_modules/get-proto Completed in 1ms
418 timing idealTree:node_modules/dunder-proto Completed in 0ms
419 timing idealTree:node_modules/gopd Completed in 0ms
420 timing idealTree:node_modules/has-symbols Completed in 0ms
421 timing idealTree:node_modules/hasown Completed in 0ms
422 timing idealTree:node_modules/math-intrinsics Completed in 0ms
423 timing idealTree:node_modules/side-channel-weakmap Completed in 0ms
424 timing idealTree:node_modules/symbol-tree Completed in 0ms
425 silly placeDep ROOT is-number@7.0.0 OK for: to-regex-range@5.0.1 want: ^7.0.0
426 timing idealTree:node_modules/to-regex-range Completed in 1ms
427 timing idealTree:node_modules/is-number Completed in 0ms
428 silly placeDep ROOT tldts@6.1.86 OK for: tough-cookie@5.1.2 want: ^6.1.32
429 silly fetch manifest tldts-core@^6.1.86
430 http fetch GET 200 https://registry.npmjs.org/tldts-core 108ms (cache miss)
431 timing idealTree:node_modules/tough-cookie Completed in 121ms
432 silly placeDep ROOT tldts-core@6.1.86 OK for: tldts@6.1.86 want: ^6.1.86
433 timing idealTree:node_modules/tldts Completed in 1ms
434 timing idealTree:node_modules/tldts-core Completed in 0ms
435 silly placeDep ROOT media-typer@0.3.0 OK for: type-is@1.6.18 want: 0.3.0
436 timing idealTree:node_modules/type-is Completed in 0ms
437 timing idealTree:node_modules/media-typer Completed in 0ms
438 timing idealTree:node_modules/universalify Completed in 0ms
439 timing idealTree:node_modules/unpipe Completed in 0ms
440 timing idealTree:node_modules/utils-merge Completed in 0ms
441 timing idealTree:node_modules/w3c-xmlserializer Completed in 0ms
442 timing idealTree:node_modules/webidl-conversions Completed in 0ms
443 silly placeDep node_modules/whatwg-encoding iconv-lite@0.6.3 OK for: whatwg-encoding@3.1.1 want: 0.6.3
444 timing idealTree:node_modules/whatwg-encoding Completed in 1ms
445 timing idealTree:node_modules/whatwg-mimetype Completed in 0ms
446 silly placeDep ROOT tr46@5.1.1 OK for: whatwg-url@14.2.0 want: ^5.1.0
447 silly fetch manifest punycode@^2.3.1
448 http fetch GET 200 https://registry.npmjs.org/punycode 39ms (cache miss)
449 timing idealTree:node_modules/whatwg-url Completed in 40ms
450 silly placeDep ROOT punycode@2.3.1 OK for: tr46@5.1.1 want: ^2.3.1
451 timing idealTree:node_modules/tr46 Completed in 1ms
452 timing idealTree:node_modules/punycode Completed in 0ms
453 timing idealTree:node_modules/xml-name-validator Completed in 0ms
454 timing idealTree:node_modules/xmlchars Completed in 0ms
455 timing idealTree:node_modules/express/node_modules/cookie Completed in 0ms
456 silly placeDep node_modules/http-proxy-agent ms@2.1.3 OK for: debug@4.4.1 want: ^2.1.3
457 timing idealTree:node_modules/http-proxy-agent/node_modules/debug Completed in 1ms
458 timing idealTree:node_modules/http-proxy-agent/node_modules/ms Completed in 0ms
459 silly placeDep node_modules/https-proxy-agent ms@2.1.3 OK for: debug@4.4.1 want: ^2.1.3
460 timing idealTree:node_modules/https-proxy-agent/node_modules/debug Completed in 1ms
461 timing idealTree:node_modules/https-proxy-agent/node_modules/ms Completed in 0ms
462 timing idealTree:node_modules/jsdom/node_modules/ws Completed in 0ms
463 timing idealTree:node_modules/whatwg-encoding/node_modules/iconv-lite Completed in 0ms
464 timing idealTree:buildDeps Completed in 3606ms
465 timing idealTree:fixDepFlags Completed in 2ms
466 timing idealTree Completed in 3652ms
467 timing command:install Completed in 3655ms
468 verbose stack Error: Unsupported engine
468 verbose stack     at checkEngine (/usr/local/lib/node_modules/npm/node_modules/npm-install-checks/lib/index.js:14:25)
468 verbose stack     at Arborist.[checkEngineAndPlatform] (/usr/local/lib/node_modules/npm/node_modules/@npmcli/arborist/lib/arborist/build-ideal-tree.js:228:11)
468 verbose stack     at Arborist.buildIdealTree (/usr/local/lib/node_modules/npm/node_modules/@npmcli/arborist/lib/arborist/build-ideal-tree.js:214:42)
468 verbose stack     at async Promise.all (index 1)
468 verbose stack     at async Arborist.reify (/usr/local/lib/node_modules/npm/node_modules/@npmcli/arborist/lib/arborist/reify.js:154:5)
468 verbose stack     at async Install.exec (/usr/local/lib/node_modules/npm/lib/commands/install.js:145:5)
468 verbose stack     at async module.exports (/usr/local/lib/node_modules/npm/lib/cli.js:78:5)
469 verbose pkgid node-red-contrib-uibuilder@7.3.0
470 verbose cwd /data
471 verbose Linux 6.10.14-linuxkit
472 verbose node v16.20.2
473 verbose npm  v8.19.4
474 error code EBADENGINE
475 error engine Unsupported engine
476 error engine Not compatible with your version of node/npm: node-red-contrib-uibuilder@7.3.0
477 error notsup Not compatible with your version of node/npm: node-red-contrib-uibuilder@7.3.0
477 error notsup Required: {"node":">=18"}
477 error notsup Actual:   {"npm":"8.19.4","node":"v16.20.2"}
478 verbose exit 1
479 timing npm Completed in 3743ms
480 verbose unfinished npm timer reify 1748518572434
481 verbose unfinished npm timer reify:loadTrees 1748518572436
482 verbose code 1
483 error A complete log of this run can be found in:
483 error     /data/.npm/_logs/2025-05-29T11_36_12_349Z-debug-0.log
